#
# There is insufficient memory for the Java Runtime Environment to continue.
# Native memory allocation (malloc) failed to allocate 1609456 bytes for Chunk::new
# Possible reasons:
#   The system is out of physical RAM or swap space
#   The process is running with CompressedOops enabled, and the Java Heap may be blocking the growth of the native heap
# Possible solutions:
#   Reduce memory load on the system
#   Increase physical memory or swap space
#   Check if swap backing store is full
#   Decrease Java heap size (-Xmx/-Xms)
#   Decrease number of Java threads
#   Decrease Java thread stack sizes (-Xss)
#   Set larger code cache with -XX:ReservedCodeCacheSize=
#   JVM is running with Unscaled Compressed Oops mode in which the Java heap is
#     placed in the first 4GB address space. The Java Heap base address is the
#     maximum limit for the native heap growth. Please use -XX:HeapBaseMinAddress
#     to set the Java Heap base and to place the Java Heap above 4GB virtual address.
# This output file may be truncated or incomplete.
#
#  Out of Memory Error (allocation.cpp:389), pid=12340, tid=0x00000000000040d0
#
# JRE version: OpenJDK Runtime Environment (8.0_242-b01) (build 1.8.0_242-release-1644-b01)
# Java VM: OpenJDK 64-Bit Server VM (25.242-b01 mixed mode windows-amd64 compressed oops)
# Failed to write core dump. Minidumps are not enabled by default on client versions of Windows
#

---------------  T H R E A D  ---------------

Current thread (0x00000000192c4800):  JavaThread "C2 CompilerThread1" daemon [_thread_in_native, id=16592, stack(0x0000000019c90000,0x0000000019d90000)]

Stack: [0x0000000019c90000,0x0000000019d90000]
[error occurred during error reporting (printing stack bounds), id 0xc0000005]

Native frames: (J=compiled Java code, j=interpreted, Vv=VM code, C=native code)


Current CompileTask:
C2:1131050 24878       4       org.objectweb.asm.ClassReader::accept (1376 bytes)


---------------  P R O C E S S  ---------------

Java Threads: ( => current thread )
  0x000000002ee72000 JavaThread "Cache worker for Java compile cache (D:\MyShopApp\.gradle\6.5\javaCompile)" [_thread_in_native, id=19360, stack(0x000000003daa0000,0x000000003dba0000)]
  0x000000002ee60800 JavaThread "Cache worker for Java compile cache (C:\Users\Andrei\.gradle\caches\6.5\javaCompile)" [_thread_blocked, id=9148, stack(0x000000003ce50000,0x000000003cf50000)]
  0x000000002ee73800 JavaThread "RMI TCP Connection(1)-127.0.0.1" daemon [_thread_in_native, id=2836, stack(0x000000003cb40000,0x000000003cc40000)]
  0x000000002ee6b000 JavaThread "RMI Reaper" [_thread_blocked, id=16688, stack(0x000000003ca40000,0x000000003cb40000)]
  0x000000002ee69800 JavaThread "RMI TCP Accept-0" daemon [_thread_in_native, id=8976, stack(0x000000003c940000,0x000000003ca40000)]
  0x000000002ee6f000 JavaThread "GC Daemon" daemon [_thread_blocked, id=15096, stack(0x000000003c840000,0x000000003c940000)]
  0x000000002ee63800 JavaThread "RMI RenewClean-[127.0.0.1:17929,org.jetbrains.kotlin.daemon.common.LoopbackNetworkInterface$ClientLoopbackSocketFactory@142689b6]" daemon [_thread_blocked, id=14768, stack(0x0000000037150000,0x0000000037250000)]
  0x000000002ee62000 JavaThread "RMI Scheduler(0)" daemon [_thread_blocked, id=15560, stack(0x0000000033260000,0x0000000033360000)]
  0x000000002ee5f000 JavaThread "stdout" [_thread_in_native, id=15664, stack(0x0000000036830000,0x0000000036930000)]
  0x000000002ee65000 JavaThread "stderr" [_thread_in_native, id=592, stack(0x0000000036730000,0x0000000036830000)]
  0x000000002ee61800 JavaThread "stdout" [_thread_in_native, id=15624, stack(0x0000000036630000,0x0000000036730000)]
  0x000000002efb2000 JavaThread "stderr" [_thread_in_native, id=9484, stack(0x00000000345e0000,0x00000000346e0000)]
  0x000000002efb1000 JavaThread "stdout" [_thread_in_native, id=8412, stack(0x0000000036350000,0x0000000036450000)]
  0x000000002efb0800 JavaThread "stderr" [_thread_in_native, id=2132, stack(0x0000000036250000,0x0000000036350000)]
  0x000000002efaf800 JavaThread "stdout" [_thread_in_native, id=19500, stack(0x0000000036150000,0x0000000036250000)]
  0x000000002efad800 JavaThread "stderr" [_thread_in_native, id=15212, stack(0x0000000036050000,0x0000000036150000)]
  0x000000002efaf000 JavaThread "stdout" [_thread_in_native, id=10620, stack(0x0000000035f50000,0x0000000036050000)]
  0x000000002efae000 JavaThread "stderr" [_thread_in_native, id=10796, stack(0x00000000346f0000,0x00000000347f0000)]
  0x000000002efac000 JavaThread "stdout" [_thread_in_native, id=16648, stack(0x0000000035e50000,0x0000000035f50000)]
  0x000000002efac800 JavaThread "stderr" [_thread_in_native, id=16952, stack(0x0000000035d50000,0x0000000035e50000)]
  0x000000002efa4800 JavaThread "stdout" [_thread_in_native, id=19680, stack(0x0000000035c50000,0x0000000035d50000)]
  0x000000002efa9000 JavaThread "stderr" [_thread_in_native, id=5696, stack(0x0000000035b50000,0x0000000035c50000)]
  0x000000002efa6800 JavaThread "stdout" [_thread_in_native, id=5396, stack(0x0000000035a50000,0x0000000035b50000)]
  0x000000002efa5000 JavaThread "stderr" [_thread_in_native, id=9340, stack(0x0000000034900000,0x0000000034a00000)]
  0x000000002efa9800 JavaThread "WorkerExecutor Queue Thread 8" [_thread_blocked, id=15892, stack(0x0000000034800000,0x0000000034900000)]
  0x000000002efab000 JavaThread "WorkerExecutor Queue Thread 7" [_thread_blocked, id=18448, stack(0x0000000033160000,0x0000000033260000)]
  0x000000002efa3800 JavaThread "WorkerExecutor Queue Thread 6" [_thread_blocked, id=8968, stack(0x0000000031ba0000,0x0000000031ca0000)]
  0x000000002efaa800 JavaThread "WorkerExecutor Queue Thread 5" [_thread_blocked, id=14148, stack(0x0000000031aa0000,0x0000000031ba0000)]
  0x000000002efa8000 JavaThread "pool-9-thread-1" [_thread_blocked, id=15392, stack(0x0000000033060000,0x0000000033160000)]
  0x000000002efa7800 JavaThread "WorkerExecutor Queue Thread 4" [_thread_blocked, id=10184, stack(0x0000000032f60000,0x0000000033060000)]
  0x000000002efa3000 JavaThread "WorkerExecutor Queue Thread 3" [_thread_blocked, id=6132, stack(0x0000000031e50000,0x0000000031f50000)]
  0x000000002efa6000 JavaThread "WorkerExecutor Queue Thread 2" [_thread_blocked, id=2504, stack(0x0000000031d50000,0x0000000031e50000)]
  0x0000000021a2b000 JavaThread "WorkerExecutor Queue" [_thread_blocked, id=7108, stack(0x00000000319a0000,0x0000000031aa0000)]
  0x000000001f31c000 JavaThread "Cache worker for execution history cache (D:\MyShopApp\.gradle\6.5\executionHistory)" [_thread_blocked, id=7308, stack(0x00000000318a0000,0x00000000319a0000)]
  0x000000001f322000 JavaThread "Execution worker for ':' Thread 7" [_thread_in_native, id=14556, stack(0x00000000317a0000,0x00000000318a0000)]
  0x000000001f320000 JavaThread "Execution worker for ':' Thread 6" [_thread_blocked, id=10672, stack(0x00000000316a0000,0x00000000317a0000)]
  0x000000001f31f000 JavaThread "Execution worker for ':' Thread 5" [_thread_blocked, id=6444, stack(0x000000002ff60000,0x0000000030060000)]
  0x000000001f31d800 JavaThread "Execution worker for ':' Thread 4" [_thread_blocked, id=9292, stack(0x000000002fbd0000,0x000000002fcd0000)]
  0x000000001f31a000 JavaThread "Execution worker for ':' Thread 3" [_thread_blocked, id=6028, stack(0x000000002f4c0000,0x000000002f5c0000)]
  0x000000001f31a800 JavaThread "Execution worker for ':' Thread 2" [_thread_blocked, id=14308, stack(0x000000002dd70000,0x000000002de70000)]
  0x000000001f314800 JavaThread "Execution worker for ':'" [_thread_blocked, id=4068, stack(0x000000002dc70000,0x000000002dd70000)]
  0x000000001f315800 JavaThread "Cache worker for file content cache (D:\MyShopApp\.gradle\6.5\fileContent)" [_thread_blocked, id=14760, stack(0x000000002d970000,0x000000002da70000)]
  0x000000001f319000 JavaThread "Cache worker for Build Output Cleanup Cache (D:\MyShopApp\.gradle\buildOutputCleanup)" [_thread_blocked, id=17664, stack(0x000000002bd50000,0x000000002be50000)]
  0x000000001f316000 JavaThread "Build operations Thread 8" [_thread_blocked, id=11252, stack(0x00000000233d0000,0x00000000234d0000)]
  0x000000001f318800 JavaThread "Build operations Thread 7" [_thread_in_Java, id=4904, stack(0x00000000230d0000,0x00000000231d0000)]
  0x000000001f317800 JavaThread "Build operations Thread 6" [_thread_in_Java, id=14000, stack(0x0000000022fd0000,0x00000000230d0000)]
  0x000000001fc24800 JavaThread "Build operations Thread 5" [_thread_blocked, id=7612, stack(0x0000000022ed0000,0x0000000022fd0000)]
  0x000000001fc23800 JavaThread "Build operations Thread 4" [_thread_blocked, id=19092, stack(0x0000000022dd0000,0x0000000022ed0000)]
  0x000000001fc23000 JavaThread "Build operations Thread 3" [_thread_in_Java, id=6136, stack(0x00000000226b0000,0x00000000227b0000)]
  0x000000001fc26000 JavaThread "Build operations Thread 2" [_thread_blocked, id=14828, stack(0x00000000220b0000,0x00000000221b0000)]
  0x000000001fc21800 JavaThread "Build operations" [_thread_blocked, id=532, stack(0x0000000021cb0000,0x0000000021db0000)]
  0x000000001fc20800 JavaThread "Cache worker for cache directory md-rule (C:\Users\Andrei\.gradle\caches\6.5\md-rule)" [_thread_blocked, id=14416, stack(0x0000000021bb0000,0x0000000021cb0000)]
  0x000000001fc25000 JavaThread "Cache worker for cache directory md-supplier (C:\Users\Andrei\.gradle\caches\6.5\md-supplier)" [_thread_blocked, id=14208, stack(0x0000000020850000,0x0000000020950000)]
  0x000000001fc22000 JavaThread "Cache worker for checksums cache (D:\MyShopApp\.gradle\checksums)" [_thread_blocked, id=16904, stack(0x0000000020550000,0x0000000020650000)]
  0x000000001fc1a000 JavaThread "Cache worker for file hash cache (D:\MyShopApp\.gradle\6.5\fileHashes)" [_thread_blocked, id=18792, stack(0x000000001ddb0000,0x000000001deb0000)]
  0x000000001fc19000 JavaThread "Thread-489" [_thread_blocked, id=13172, stack(0x000000001dcb0000,0x000000001ddb0000)]
  0x000000001fc20000 JavaThread "Stdin handler" [_thread_blocked, id=2428, stack(0x000000001dbb0000,0x000000001dcb0000)]
  0x000000001fc1f000 JavaThread "Asynchronous log dispatcher for DefaultDaemonConnection: socket connection from /127.0.0.1:63457 to /127.0.0.1:63757" [_thread_in_Java, id=17768, stack(0x000000001dab0000,0x000000001dbb0000)]
  0x000000001fc1e800 JavaThread "Cancel handler" [_thread_blocked, id=7752, stack(0x0000000000840000,0x0000000000940000)]
  0x000000001fc1c000 JavaThread "Handler for socket connection from /127.0.0.1:63457 to /127.0.0.1:63757" [_thread_in_native, id=980, stack(0x0000000000740000,0x0000000000840000)]
  0x000000001fc1a800 JavaThread "jar transforms Thread 345" [_thread_blocked, id=10724, stack(0x000000002aa50000,0x000000002ab50000)]
  0x000000001fc17000 JavaThread "jar transforms Thread 344" [_thread_blocked, id=11860, stack(0x000000002a750000,0x000000002a850000)]
  0x000000001fc18800 JavaThread "jar transforms Thread 343" [_thread_blocked, id=18096, stack(0x000000002a650000,0x000000002a750000)]
  0x000000001fc1d800 JavaThread "jar transforms Thread 342" [_thread_blocked, id=18148, stack(0x000000002a550000,0x000000002a650000)]
  0x000000001fc17800 JavaThread "jar transforms Thread 341" [_thread_blocked, id=7792, stack(0x000000002a450000,0x000000002a550000)]
  0x000000001fc1d000 JavaThread "jar transforms Thread 340" [_thread_blocked, id=19064, stack(0x000000002a350000,0x000000002a450000)]
  0x000000001f3b5000 JavaThread "jar transforms Thread 339" [_thread_blocked, id=13440, stack(0x000000002a250000,0x000000002a350000)]
  0x000000001f3b6000 JavaThread "jar transforms Thread 338" [_thread_blocked, id=11920, stack(0x000000002a150000,0x000000002a250000)]
  0x000000001f3b4800 JavaThread "jar transforms Thread 337" [_thread_blocked, id=2028, stack(0x000000002a050000,0x000000002a150000)]
  0x000000001f3b3800 JavaThread "jar transforms Thread 336" [_thread_blocked, id=7636, stack(0x0000000029f50000,0x000000002a050000)]
  0x000000001f3b2800 JavaThread "jar transforms Thread 335" [_thread_blocked, id=11012, stack(0x0000000029e50000,0x0000000029f50000)]
  0x000000001f3b2000 JavaThread "jar transforms Thread 334" [_thread_blocked, id=20180, stack(0x0000000029d50000,0x0000000029e50000)]
  0x000000001f3b6800 JavaThread "jar transforms Thread 333" [_thread_blocked, id=10188, stack(0x0000000029ad0000,0x0000000029bd0000)]
  0x000000001f3aa800 JavaThread "jar transforms Thread 332" [_thread_blocked, id=4956, stack(0x00000000299d0000,0x0000000029ad0000)]
  0x000000001f3b1000 JavaThread "jar transforms Thread 331" [_thread_blocked, id=18128, stack(0x00000000298d0000,0x00000000299d0000)]
  0x000000001f3a9800 JavaThread "jar transforms Thread 330" [_thread_blocked, id=12408, stack(0x00000000297d0000,0x00000000298d0000)]
  0x000000001f3b0800 JavaThread "jar transforms Thread 329" [_thread_blocked, id=3948, stack(0x00000000296d0000,0x00000000297d0000)]
  0x000000001f3af800 JavaThread "jar transforms Thread 328" [_thread_blocked, id=10976, stack(0x00000000295d0000,0x00000000296d0000)]
  0x000000001f3af000 JavaThread "jar transforms Thread 327" [_thread_blocked, id=18564, stack(0x00000000294d0000,0x00000000295d0000)]
  0x000000001f3a7800 JavaThread "jar transforms Thread 326" [_thread_blocked, id=17548, stack(0x00000000293d0000,0x00000000294d0000)]
  0x000000001f3ae000 JavaThread "jar transforms Thread 325" [_thread_blocked, id=3836, stack(0x00000000292d0000,0x00000000293d0000)]
  0x000000001f3ab000 JavaThread "jar transforms Thread 324" [_thread_blocked, id=12272, stack(0x00000000291d0000,0x00000000292d0000)]
  0x000000001f3ad800 JavaThread "jar transforms Thread 323" [_thread_blocked, id=13652, stack(0x00000000290d0000,0x00000000291d0000)]
  0x000000001f3ac800 JavaThread "jar transforms Thread 322" [_thread_blocked, id=5832, stack(0x0000000028fd0000,0x00000000290d0000)]
  0x000000001f3ac000 JavaThread "jar transforms Thread 321" [_thread_blocked, id=11876, stack(0x0000000028ed0000,0x0000000028fd0000)]
  0x000000001f3a8000 JavaThread "jar transforms Thread 320" [_thread_blocked, id=2436, stack(0x0000000028dd0000,0x0000000028ed0000)]
  0x000000001f3a9000 JavaThread "jar transforms Thread 319" [_thread_blocked, id=16408, stack(0x0000000028cd0000,0x0000000028dd0000)]
  0x000000001aa04000 JavaThread "jar transforms Thread 318" [_thread_blocked, id=12996, stack(0x0000000028bd0000,0x0000000028cd0000)]
  0x000000001aa03000 JavaThread "jar transforms Thread 317" [_thread_blocked, id=16128, stack(0x0000000028ad0000,0x0000000028bd0000)]
  0x000000001aa02800 JavaThread "jar transforms Thread 316" [_thread_blocked, id=6280, stack(0x00000000289d0000,0x0000000028ad0000)]
  0x000000001aa01800 JavaThread "jar transforms Thread 315" [_thread_blocked, id=18104, stack(0x00000000288d0000,0x00000000289d0000)]
  0x000000001aa08800 JavaThread "jar transforms Thread 314" [_thread_blocked, id=10880, stack(0x00000000287d0000,0x00000000288d0000)]
  0x000000001aa07800 JavaThread "jar transforms Thread 313" [_thread_blocked, id=17036, stack(0x00000000286d0000,0x00000000287d0000)]
  0x000000001aa06000 JavaThread "jar transforms Thread 312" [_thread_blocked, id=13860, stack(0x00000000285d0000,0x00000000286d0000)]
  0x000000001aa04800 JavaThread "jar transforms Thread 311" [_thread_blocked, id=11364, stack(0x00000000284d0000,0x00000000285d0000)]
  0x000000001aa05800 JavaThread "jar transforms Thread 310" [_thread_blocked, id=7832, stack(0x00000000283d0000,0x00000000284d0000)]
  0x000000001aa07000 JavaThread "jar transforms Thread 309" [_thread_blocked, id=18328, stack(0x00000000282d0000,0x00000000283d0000)]
  0x000000001a9fa000 JavaThread "jar transforms Thread 308" [_thread_blocked, id=11740, stack(0x00000000281d0000,0x00000000282d0000)]
  0x000000001a9fd000 JavaThread "jar transforms Thread 307" [_thread_blocked, id=15484, stack(0x00000000280d0000,0x00000000281d0000)]
  0x000000001aa01000 JavaThread "jar transforms Thread 306" [_thread_blocked, id=10296, stack(0x0000000027fd0000,0x00000000280d0000)]
  0x000000001a9fa800 JavaThread "jar transforms Thread 305" [_thread_blocked, id=12136, stack(0x0000000027ed0000,0x0000000027fd0000)]
  0x000000001a9ff800 JavaThread "jar transforms Thread 304" [_thread_blocked, id=912, stack(0x0000000027dd0000,0x0000000027ed0000)]
  0x000000001a9fe000 JavaThread "jar transforms Thread 303" [_thread_blocked, id=672, stack(0x0000000027cd0000,0x0000000027dd0000)]
  0x000000001a9f9000 JavaThread "jar transforms Thread 302" [_thread_blocked, id=5308, stack(0x0000000027bd0000,0x0000000027cd0000)]
  0x000000001a9fe800 JavaThread "jar transforms Thread 301" [_thread_blocked, id=12076, stack(0x0000000027ad0000,0x0000000027bd0000)]
  0x000000001aa00000 JavaThread "jar transforms Thread 300" [_thread_blocked, id=17124, stack(0x00000000279d0000,0x0000000027ad0000)]
  0x000000001a9fc000 JavaThread "jar transforms Thread 299" [_thread_blocked, id=18796, stack(0x00000000278d0000,0x00000000279d0000)]
  0x000000001a9fb800 JavaThread "jar transforms Thread 298" [_thread_blocked, id=3144, stack(0x00000000277d0000,0x00000000278d0000)]
  0x000000001c000800 JavaThread "jar transforms Thread 297" [_thread_blocked, id=2616, stack(0x00000000276d0000,0x00000000277d0000)]
  0x000000001bffe000 JavaThread "jar transforms Thread 296" [_thread_blocked, id=11976, stack(0x00000000275d0000,0x00000000276d0000)]
  0x000000001bffc800 JavaThread "jar transforms Thread 295" [_thread_blocked, id=9868, stack(0x00000000274d0000,0x00000000275d0000)]
  0x000000001bffc000 JavaThread "jar transforms Thread 294" [_thread_blocked, id=11932, stack(0x00000000273d0000,0x00000000274d0000)]
  0x000000001bffb000 JavaThread "jar transforms Thread 293" [_thread_blocked, id=4028, stack(0x00000000272d0000,0x00000000273d0000)]
  0x000000001c002000 JavaThread "jar transforms Thread 292" [_thread_blocked, id=11804, stack(0x00000000271d0000,0x00000000272d0000)]
  0x0000000021a38800 JavaThread "jar transforms Thread 291" [_thread_blocked, id=16492, stack(0x00000000270d0000,0x00000000271d0000)]
  0x0000000021a39000 JavaThread "jar transforms Thread 290" [_thread_blocked, id=2152, stack(0x0000000026fd0000,0x00000000270d0000)]
  0x0000000021a37800 JavaThread "jar transforms Thread 289" [_thread_blocked, id=3224, stack(0x0000000026ed0000,0x0000000026fd0000)]
  0x0000000021a37000 JavaThread "jar transforms Thread 288" [_thread_blocked, id=14224, stack(0x0000000026dd0000,0x0000000026ed0000)]
  0x0000000021a3a000 JavaThread "jar transforms Thread 287" [_thread_blocked, id=13128, stack(0x0000000026cd0000,0x0000000026dd0000)]
  0x0000000021a2f800 JavaThread "jar transforms Thread 286" [_thread_blocked, id=16064, stack(0x0000000026bd0000,0x0000000026cd0000)]
  0x0000000021a36000 JavaThread "jar transforms Thread 285" [_thread_blocked, id=16376, stack(0x0000000026ad0000,0x0000000026bd0000)]
  0x0000000021a2e800 JavaThread "jar transforms Thread 284" [_thread_blocked, id=11988, stack(0x00000000269d0000,0x0000000026ad0000)]
  0x0000000021a35800 JavaThread "jar transforms Thread 283" [_thread_blocked, id=16392, stack(0x00000000268d0000,0x00000000269d0000)]
  0x0000000021a34800 JavaThread "jar transforms Thread 282" [_thread_blocked, id=14312, stack(0x00000000267d0000,0x00000000268d0000)]
  0x0000000021a34000 JavaThread "jar transforms Thread 281" [_thread_blocked, id=14400, stack(0x00000000266d0000,0x00000000267d0000)]
  0x0000000021a31800 JavaThread "jar transforms Thread 280" [_thread_blocked, id=15704, stack(0x00000000265d0000,0x00000000266d0000)]
  0x000000001aef6000 JavaThread "jar transforms Thread 279" [_thread_blocked, id=16748, stack(0x00000000264d0000,0x00000000265d0000)]
  0x000000001aefa000 JavaThread "jar transforms Thread 278" [_thread_blocked, id=15820, stack(0x00000000263d0000,0x00000000264d0000)]
  0x000000001aefa800 JavaThread "jar transforms Thread 277" [_thread_blocked, id=2000, stack(0x00000000262d0000,0x00000000263d0000)]
  0x000000001aef9000 JavaThread "jar transforms Thread 276" [_thread_blocked, id=7516, stack(0x00000000261d0000,0x00000000262d0000)]
  0x000000001aef7000 JavaThread "jar transforms Thread 275" [_thread_blocked, id=8352, stack(0x00000000260d0000,0x00000000261d0000)]
  0x000000001aef8800 JavaThread "jar transforms Thread 274" [_thread_blocked, id=14992, stack(0x0000000025fd0000,0x00000000260d0000)]
  0x000000001aeee800 JavaThread "jar transforms Thread 273" [_thread_blocked, id=18916, stack(0x0000000025ed0000,0x0000000025fd0000)]
  0x000000001aef1800 JavaThread "jar transforms Thread 272" [_thread_blocked, id=4592, stack(0x0000000025dd0000,0x0000000025ed0000)]
  0x000000001aef5800 JavaThread "jar transforms Thread 271" [_thread_blocked, id=5332, stack(0x0000000025cd0000,0x0000000025dd0000)]
  0x000000001aef4800 JavaThread "jar transforms Thread 270" [_thread_blocked, id=10348, stack(0x0000000025bd0000,0x0000000025cd0000)]
  0x000000001aef4000 JavaThread "jar transforms Thread 269" [_thread_blocked, id=19544, stack(0x0000000025ad0000,0x0000000025bd0000)]
  0x000000001aef2800 JavaThread "jar transforms Thread 268" [_thread_blocked, id=18048, stack(0x00000000259d0000,0x0000000025ad0000)]
  0x000000001aef0000 JavaThread "jar transforms Thread 267" [_thread_blocked, id=16260, stack(0x00000000258d0000,0x00000000259d0000)]
  0x000000001c6f0800 JavaThread "jar transforms Thread 266" [_thread_blocked, id=6928, stack(0x00000000257d0000,0x00000000258d0000)]
  0x000000001c6ef800 JavaThread "jar transforms Thread 265" [_thread_blocked, id=5136, stack(0x00000000256d0000,0x00000000257d0000)]
  0x000000001c6ee000 JavaThread "jar transforms Thread 264" [_thread_blocked, id=1756, stack(0x00000000255d0000,0x00000000256d0000)]
  0x000000001c6ef000 JavaThread "jar transforms Thread 263" [_thread_blocked, id=19376, stack(0x00000000254d0000,0x00000000255d0000)]
  0x000000001c6ed800 JavaThread "jar transforms Thread 262" [_thread_blocked, id=17676, stack(0x00000000253d0000,0x00000000254d0000)]
  0x000000001c6ec800 JavaThread "jar transforms Thread 261" [_thread_blocked, id=17296, stack(0x00000000252d0000,0x00000000253d0000)]
  0x000000001c6e5000 JavaThread "jar transforms Thread 260" [_thread_blocked, id=14836, stack(0x00000000251d0000,0x00000000252d0000)]
  0x000000001c6ec000 JavaThread "jar transforms Thread 259" [_thread_blocked, id=3844, stack(0x00000000250d0000,0x00000000251d0000)]
  0x000000001c6eb000 JavaThread "jar transforms Thread 258" [_thread_blocked, id=16836, stack(0x0000000024fd0000,0x00000000250d0000)]
  0x000000001c6ea800 JavaThread "jar transforms Thread 257" [_thread_blocked, id=11452, stack(0x0000000024ed0000,0x0000000024fd0000)]
  0x000000001c6e3000 JavaThread "jar transforms Thread 256" [_thread_blocked, id=15180, stack(0x0000000024dd0000,0x0000000024ed0000)]
  0x000000001c6e9000 JavaThread "jar transforms Thread 255" [_thread_blocked, id=17792, stack(0x0000000024cd0000,0x0000000024dd0000)]
  0x000000001c6e4800 JavaThread "jar transforms Thread 254" [_thread_blocked, id=556, stack(0x0000000024bd0000,0x0000000024cd0000)]
  0x000000001c6e8000 JavaThread "jar transforms Thread 253" [_thread_blocked, id=1248, stack(0x0000000024ad0000,0x0000000024bd0000)]
  0x000000001c6e1800 JavaThread "jar transforms Thread 252" [_thread_blocked, id=684, stack(0x00000000249d0000,0x0000000024ad0000)]
  0x0000000021a97800 JavaThread "jar transforms Thread 251" [_thread_blocked, id=1588, stack(0x00000000248d0000,0x00000000249d0000)]
  0x0000000021a96000 JavaThread "jar transforms Thread 250" [_thread_blocked, id=13920, stack(0x00000000247d0000,0x00000000248d0000)]
  0x0000000021a94000 JavaThread "jar transforms Thread 249" [_thread_blocked, id=9196, stack(0x00000000246d0000,0x00000000247d0000)]
  0x0000000021a95800 JavaThread "jar transforms Thread 248" [_thread_blocked, id=3184, stack(0x00000000245d0000,0x00000000246d0000)]
  0x0000000021a94800 JavaThread "jar transforms Thread 247" [_thread_blocked, id=19800, stack(0x00000000244d0000,0x00000000245d0000)]
  0x0000000021a98800 JavaThread "jar transforms Thread 246" [_thread_blocked, id=17328, stack(0x00000000243d0000,0x00000000244d0000)]
  0x0000000021a97000 JavaThread "jar transforms Thread 245" [_thread_blocked, id=7252, stack(0x00000000242d0000,0x00000000243d0000)]
  0x0000000021a93000 JavaThread "jar transforms Thread 244" [_thread_blocked, id=10000, stack(0x00000000241d0000,0x00000000242d0000)]
  0x0000000021a99000 JavaThread "jar transforms Thread 243" [_thread_blocked, id=20240, stack(0x00000000240d0000,0x00000000241d0000)]
  0x0000000021a9a000 JavaThread "jar transforms Thread 242" [_thread_blocked, id=18684, stack(0x0000000023fd0000,0x00000000240d0000)]
  0x0000000021a92800 JavaThread "jar transforms Thread 241" [_thread_blocked, id=20280, stack(0x0000000023ed0000,0x0000000023fd0000)]
  0x0000000021a8b800 JavaThread "jar transforms Thread 240" [_thread_blocked, id=5720, stack(0x0000000023dd0000,0x0000000023ed0000)]
  0x0000000021a91800 JavaThread "jar transforms Thread 239" [_thread_blocked, id=14396, stack(0x0000000023cd0000,0x0000000023dd0000)]
  0x0000000021a91000 JavaThread "jar transforms Thread 238" [_thread_blocked, id=20376, stack(0x0000000023bd0000,0x0000000023cd0000)]
  0x0000000021a90000 JavaThread "jar transforms Thread 237" [_thread_blocked, id=17448, stack(0x0000000023ad0000,0x0000000023bd0000)]
  0x0000000021a8e000 JavaThread "jar transforms Thread 236" [_thread_blocked, id=14264, stack(0x00000000239d0000,0x0000000023ad0000)]
  0x0000000021a8f800 JavaThread "jar transforms Thread 235" [_thread_blocked, id=5912, stack(0x00000000238d0000,0x00000000239d0000)]
  0x0000000021a8b000 JavaThread "jar transforms Thread 234" [_thread_blocked, id=17000, stack(0x00000000237d0000,0x00000000238d0000)]
  0x0000000021a8d000 JavaThread "jar transforms Thread 233" [_thread_blocked, id=11588, stack(0x00000000236d0000,0x00000000237d0000)]
  0x0000000021a8c800 JavaThread "jar transforms Thread 232" [_thread_blocked, id=6620, stack(0x00000000235d0000,0x00000000236d0000)]
  0x000000001f31e800 JavaThread "jar transforms Thread 231" [_thread_blocked, id=13984, stack(0x00000000234d0000,0x00000000235d0000)]
  0x000000001f314000 JavaThread "Daemon worker Thread 3" [_thread_blocked, id=7580, stack(0x000000001d6b0000,0x000000001d7b0000)]
  0x000000001f317000 JavaThread "Daemon Thread 3" [_thread_blocked, id=14240, stack(0x0000000000640000,0x0000000000740000)]
  0x0000000021a30000 JavaThread "Memory manager" [_thread_blocked, id=16936, stack(0x000000002d470000,0x000000002d570000)]
  0x000000001bffd800 JavaThread "Cache worker for file content cache (C:\Users\Andrei\.gradle\caches\6.5\fileContent)" [_thread_blocked, id=15764, stack(0x00000000225b0000,0x00000000226b0000)]
  0x000000001c001000 JavaThread "Cache worker for execution history cache (C:\Users\Andrei\.gradle\caches\6.5\executionHistory)" [_thread_blocked, id=15628, stack(0x0000000021db0000,0x0000000021eb0000)]
  0x000000001bfff800 JavaThread "Cache worker for file hash cache (C:\Users\Andrei\.gradle\caches\6.5\fileHashes)" [_thread_blocked, id=7912, stack(0x000000001e2b0000,0x000000001e3b0000)]
  0x000000001bfff000 JavaThread "File lock request listener" [_thread_in_native, id=1464, stack(0x000000001e1b0000,0x000000001e2b0000)]
  0x000000001b591800 JavaThread "Cache worker for journal cache (C:\Users\Andrei\.gradle\caches\journal-1)" [_thread_blocked, id=13052, stack(0x000000001e0b0000,0x000000001e1b0000)]
  0x000000001bcc0000 JavaThread "Daemon periodic checks" [_thread_blocked, id=1192, stack(0x000000001d3b0000,0x000000001d4b0000)]
  0x000000001bcb3800 JavaThread "Incoming local TCP Connector on port 63457" [_thread_in_native, id=9920, stack(0x000000001d170000,0x000000001d270000)]
  0x000000001a290800 JavaThread "Daemon health stats" [_thread_blocked, id=2668, stack(0x000000001cb30000,0x000000001cc30000)]
  0x0000000019362800 JavaThread "Service Thread" daemon [_thread_blocked, id=13008, stack(0x0000000019f90000,0x000000001a090000)]
  0x00000000192e7800 JavaThread "C1 CompilerThread3" daemon [_thread_blocked, id=12200, stack(0x0000000019e90000,0x0000000019f90000)]
  0x00000000192c7000 JavaThread "C2 CompilerThread2" daemon [_thread_in_native, id=12212, stack(0x0000000019d90000,0x0000000019e90000)]
=>0x00000000192c4800 JavaThread "C2 CompilerThread1" daemon [_thread_in_native, id=16592, stack(0x0000000019c90000,0x0000000019d90000)]
  0x00000000192c2800 JavaThread "C2 CompilerThread0" daemon [_thread_in_native, id=1032, stack(0x0000000019b90000,0x0000000019c90000)]
  0x00000000192bf800 JavaThread "Attach Listener" daemon [_thread_blocked, id=16664, stack(0x0000000019a90000,0x0000000019b90000)]
  0x00000000192be000 JavaThread "Signal Dispatcher" daemon [_thread_blocked, id=17904, stack(0x0000000019990000,0x0000000019a90000)]
  0x000000000242c800 JavaThread "Finalizer" daemon [_thread_blocked, id=9468, stack(0x0000000019790000,0x0000000019890000)]
  0x00000000192b0800 JavaThread "Reference Handler" daemon [_thread_blocked, id=11752, stack(0x0000000019690000,0x0000000019790000)]
  0x000000000232d800 JavaThread "main" [_thread_blocked, id=15644, stack(0x0000000002200000,0x0000000002300000)]

Other Threads:
  0x0000000017498800 VMThread [stack: 0x0000000019190000,0x0000000019290000] [id=12660]
  0x0000000019323000 WatcherThread [stack: 0x000000001a090000,0x000000001a190000] [id=19580]

VM state:not at safepoint (normal execution)

VM Mutex/Monitor currently owned by a thread: None

heap address: 0x0000000080000000, size: 2048 MB, Compressed Oops mode: 32-bit
Narrow klass base: 0x0000000000000000, Narrow klass shift: 3
Compressed class space size: 1073741824 Address: 0x0000000100000000

Heap:
 PSYoungGen      total 615424K, used 287953K [0x00000000d5580000, 0x0000000100000000, 0x0000000100000000)
  eden space 568832K, 42% used [0x00000000d5580000,0x00000000e4139980,0x00000000f8100000)
  from space 46592K, 99% used [0x00000000fd080000,0x00000000ffdfac58,0x00000000ffe00000)
  to   space 65024K, 0% used [0x00000000f8100000,0x00000000f8100000,0x00000000fc080000)
 ParOldGen       total 191488K, used 126229K [0x0000000080000000, 0x000000008bb00000, 0x00000000d5580000)
  object space 191488K, 65% used [0x0000000080000000,0x0000000087b457a0,0x000000008bb00000)
 Metaspace       used 115265K, capacity 121980K, committed 122392K, reserved 1155072K
  class space    used 14964K, capacity 16265K, committed 16432K, reserved 1048576K

Card table byte_map: [0x00000000117f0000,0x0000000011c00000] byte_map_base: 0x00000000113f0000

Marking Bits: (ParMarkBitMap*) 0x00000000660bf030
 Begin Bits: [0x00000000126b0000, 0x00000000146b0000)
 End Bits:   [0x00000000146b0000, 0x00000000166b0000)

Polling page: 0x00000000009b0000

CodeCache: size=245760Kb used=67448Kb max_used=67448Kb free=178311Kb
 bounds [0x0000000002430000, 0x0000000006660000, 0x0000000011430000]
 total_blobs=21112 nmethods=20150 adapters=873
 compilation: enabled

Compilation events (10 events):
Event: 1131.044 Thread 0x00000000192e7800 25156   !   2       org.gradle.api.internal.tasks.compile.incremental.analyzer.DefaultClassDependenciesAnalyzer::getClassAnalysis (61 bytes)
Event: 1131.046 Thread 0x00000000192e7800 nmethod 25156 0x0000000006656d90 code [0x0000000006657020, 0x0000000006657b68]
Event: 1131.046 Thread 0x00000000192e7800 25152       2       org.gradle.api.internal.tasks.compile.incremental.asm.ClassDependenciesVisitor::<init> (60 bytes)
Event: 1131.047 Thread 0x00000000192e7800 nmethod 25152 0x0000000006658a50 code [0x0000000006658c20, 0x0000000006659158]
Event: 1131.047 Thread 0x00000000192e7800 25153       2       org.gradle.api.internal.tasks.compile.incremental.asm.ClassDependenciesVisitor$RetentionPolicyVisitor::<init> (12 bytes)
Event: 1131.047 Thread 0x00000000192e7800 nmethod 25153 0x0000000006659410 code [0x0000000006659580, 0x0000000006659728]
Event: 1131.047 Thread 0x00000000192e7800 25158       2       org.gradle.api.internal.tasks.compile.incremental.asm.ClassDependenciesVisitor::analyze (68 bytes)
Event: 1131.048 Thread 0x00000000192e7800 nmethod 25158 0x00000000066597d0 code [0x0000000006659980, 0x0000000006659de8]
Event: 1131.048 Thread 0x00000000192e7800 25155       2       org.gradle.api.internal.tasks.compile.incremental.asm.ClassDependenciesVisitor::isAnnotationType (23 bytes)
Event: 1131.048 Thread 0x00000000192e7800 nmethod 25155 0x000000000665a090 code [0x000000000665a200, 0x000000000665a3c8]

GC Heap History (10 events):
Event: 1115.678 GC heap before
{Heap before GC invocations=25 (full 4):
 PSYoungGen      total 648192K, used 637481K [0x00000000d5580000, 0x0000000100000000, 0x0000000100000000)
  eden space 603648K, 100% used [0x00000000d5580000,0x00000000fa300000,0x00000000fa300000)
  from space 44544K, 75% used [0x00000000fd480000,0x00000000ff58a6a8,0x0000000100000000)
  to   space 47616K, 0% used [0x00000000fa300000,0x00000000fa300000,0x00000000fd180000)
 ParOldGen       total 156160K, used 110469K [0x0000000080000000, 0x0000000089880000, 0x00000000d5580000)
  object space 156160K, 70% used [0x0000000080000000,0x0000000086be1680,0x0000000089880000)
 Metaspace       used 111527K, capacity 118498K, committed 118680K, reserved 1153024K
  class space    used 14567K, capacity 15924K, committed 16048K, reserved 1048576K
Event: 1115.713 GC heap after
Heap after GC invocations=25 (full 4):
 PSYoungGen      total 631296K, used 27567K [0x00000000d5580000, 0x0000000100000000, 0x0000000100000000)
  eden space 603648K, 0% used [0x00000000d5580000,0x00000000d5580000,0x00000000fa300000)
  from space 27648K, 99% used [0x00000000fa300000,0x00000000fbdebc18,0x00000000fbe00000)
  to   space 48128K, 0% used [0x00000000fd100000,0x00000000fd100000,0x0000000100000000)
 ParOldGen       total 156160K, used 117190K [0x0000000080000000, 0x0000000089880000, 0x00000000d5580000)
  object space 156160K, 75% used [0x0000000080000000,0x00000000872719d8,0x0000000089880000)
 Metaspace       used 111527K, capacity 118498K, committed 118680K, reserved 1153024K
  class space    used 14567K, capacity 15924K, committed 16048K, reserved 1048576K
}
Event: 1116.600 GC heap before
{Heap before GC invocations=26 (full 4):
 PSYoungGen      total 631296K, used 631215K [0x00000000d5580000, 0x0000000100000000, 0x0000000100000000)
  eden space 603648K, 100% used [0x00000000d5580000,0x00000000fa300000,0x00000000fa300000)
  from space 27648K, 99% used [0x00000000fa300000,0x00000000fbdebc18,0x00000000fbe00000)
  to   space 48128K, 0% used [0x00000000fd100000,0x00000000fd100000,0x0000000100000000)
 ParOldGen       total 156160K, used 117190K [0x0000000080000000, 0x0000000089880000, 0x00000000d5580000)
  object space 156160K, 75% used [0x0000000080000000,0x00000000872719d8,0x0000000089880000)
 Metaspace       used 111644K, capacity 118652K, committed 118936K, reserved 1153024K
  class space    used 14569K, capacity 15927K, committed 16048K, reserved 1048576K
Event: 1116.637 GC heap after
Heap after GC invocations=26 (full 4):
 PSYoungGen      total 651776K, used 9179K [0x00000000d5580000, 0x0000000100000000, 0x0000000100000000)
  eden space 603648K, 0% used [0x00000000d5580000,0x00000000d5580000,0x00000000fa300000)
  from space 48128K, 19% used [0x00000000fd100000,0x00000000fd9f6f90,0x0000000100000000)
  to   space 47104K, 0% used [0x00000000fa300000,0x00000000fa300000,0x00000000fd100000)
 ParOldGen       total 156160K, used 133574K [0x0000000080000000, 0x0000000089880000, 0x00000000d5580000)
  object space 156160K, 85% used [0x0000000080000000,0x0000000088271b88,0x0000000089880000)
 Metaspace       used 111644K, capacity 118652K, committed 118936K, reserved 1153024K
  class space    used 14569K, capacity 15927K, committed 16048K, reserved 1048576K
}
Event: 1116.637 GC heap before
{Heap before GC invocations=27 (full 5):
 PSYoungGen      total 651776K, used 9179K [0x00000000d5580000, 0x0000000100000000, 0x0000000100000000)
  eden space 603648K, 0% used [0x00000000d5580000,0x00000000d5580000,0x00000000fa300000)
  from space 48128K, 19% used [0x00000000fd100000,0x00000000fd9f6f90,0x0000000100000000)
  to   space 47104K, 0% used [0x00000000fa300000,0x00000000fa300000,0x00000000fd100000)
 ParOldGen       total 156160K, used 133574K [0x0000000080000000, 0x0000000089880000, 0x00000000d5580000)
  object space 156160K, 85% used [0x0000000080000000,0x0000000088271b88,0x0000000089880000)
 Metaspace       used 111644K, capacity 118652K, committed 118936K, reserved 1153024K
  class space    used 14569K, capacity 15927K, committed 16048K, reserved 1048576K
Event: 1116.922 GC heap after
Heap after GC invocations=27 (full 5):
 PSYoungGen      total 651776K, used 0K [0x00000000d5580000, 0x0000000100000000, 0x0000000100000000)
  eden space 603648K, 0% used [0x00000000d5580000,0x00000000d5580000,0x00000000fa300000)
  from space 48128K, 0% used [0x00000000fd100000,0x00000000fd100000,0x0000000100000000)
  to   space 47104K, 0% used [0x00000000fa300000,0x00000000fa300000,0x00000000fd100000)
 ParOldGen       total 191488K, used 97098K [0x0000000080000000, 0x000000008bb00000, 0x00000000d5580000)
  object space 191488K, 50% used [0x0000000080000000,0x0000000085ed2940,0x000000008bb00000)
 Metaspace       used 111259K, capacity 117572K, committed 118936K, reserved 1153024K
  class space    used 14437K, capacity 15697K, committed 16048K, reserved 1048576K
}
Event: 1118.066 GC heap before
{Heap before GC invocations=28 (full 5):
 PSYoungGen      total 651776K, used 603648K [0x00000000d5580000, 0x0000000100000000, 0x0000000100000000)
  eden space 603648K, 100% used [0x00000000d5580000,0x00000000fa300000,0x00000000fa300000)
  from space 48128K, 0% used [0x00000000fd100000,0x00000000fd100000,0x0000000100000000)
  to   space 47104K, 0% used [0x00000000fa300000,0x00000000fa300000,0x00000000fd100000)
 ParOldGen       total 191488K, used 97098K [0x0000000080000000, 0x000000008bb00000, 0x00000000d5580000)
  object space 191488K, 50% used [0x0000000080000000,0x0000000085ed2940,0x000000008bb00000)
 Metaspace       used 111271K, capacity 117594K, committed 118936K, reserved 1153024K
  class space    used 14438K, capacity 15698K, committed 16048K, reserved 1048576K
Event: 1118.081 GC heap after
Heap after GC invocations=28 (full 5):
 PSYoungGen      total 610304K, used 6208K [0x00000000d5580000, 0x00000000ffe00000, 0x0000000100000000)
  eden space 603648K, 0% used [0x00000000d5580000,0x00000000d5580000,0x00000000fa300000)
  from space 6656K, 93% used [0x00000000fa300000,0x00000000fa9102a0,0x00000000fa980000)
  to   space 46592K, 0% used [0x00000000fd080000,0x00000000fd080000,0x00000000ffe00000)
 ParOldGen       total 191488K, used 97098K [0x0000000080000000, 0x000000008bb00000, 0x00000000d5580000)
  object space 191488K, 50% used [0x0000000080000000,0x0000000085ed2940,0x000000008bb00000)
 Metaspace       used 111271K, capacity 117594K, committed 118936K, reserved 1153024K
  class space    used 14438K, capacity 15698K, committed 16048K, reserved 1048576K
}
Event: 1121.826 GC heap before
{Heap before GC invocations=29 (full 5):
 PSYoungGen      total 610304K, used 609856K [0x00000000d5580000, 0x00000000ffe00000, 0x0000000100000000)
  eden space 603648K, 100% used [0x00000000d5580000,0x00000000fa300000,0x00000000fa300000)
  from space 6656K, 93% used [0x00000000fa300000,0x00000000fa9102a0,0x00000000fa980000)
  to   space 46592K, 0% used [0x00000000fd080000,0x00000000fd080000,0x00000000ffe00000)
 ParOldGen       total 191488K, used 97098K [0x0000000080000000, 0x000000008bb00000, 0x00000000d5580000)
  object space 191488K, 50% used [0x0000000080000000,0x0000000085ed2940,0x000000008bb00000)
 Metaspace       used 112625K, capacity 119122K, committed 119960K, reserved 1153024K
  class space    used 14575K, capacity 15838K, committed 16048K, reserved 1048576K
Event: 1121.920 GC heap after
Heap after GC invocations=29 (full 5):
 PSYoungGen      total 615424K, used 46571K [0x00000000d5580000, 0x0000000100000000, 0x0000000100000000)
  eden space 568832K, 0% used [0x00000000d5580000,0x00000000d5580000,0x00000000f8100000)
  from space 46592K, 99% used [0x00000000fd080000,0x00000000ffdfac58,0x00000000ffe00000)
  to   space 65024K, 0% used [0x00000000f8100000,0x00000000f8100000,0x00000000fc080000)
 ParOldGen       total 191488K, used 126229K [0x0000000080000000, 0x000000008bb00000, 0x00000000d5580000)
  object space 191488K, 65% used [0x0000000080000000,0x0000000087b457a0,0x000000008bb00000)
 Metaspace       used 112625K, capacity 119122K, committed 119960K, reserved 1153024K
  class space    used 14575K, capacity 15838K, committed 16048K, reserved 1048576K
}

Deoptimization events (10 events):
Event: 1130.521 Thread 0x000000001f322000 Uncommon trap: reason=bimorphic action=maybe_recompile pc=0x0000000002615f1c method=com.google.common.collect.ImmutableCollection.toArray([Ljava/lang/Object;)[Ljava/lang/Object; @ 27
Event: 1130.523 Thread 0x000000001f322000 Uncommon trap: reason=unstable_if action=reinterpret pc=0x000000000661ce9c method=org.objectweb.asm.ClassReader.readUtf(II[C)Ljava/lang/String; @ 69
Event: 1130.562 Thread 0x000000001f322000 Uncommon trap: reason=unstable_if action=reinterpret pc=0x00000000065e205c method=org.objectweb.asm.FieldWriter.putFieldInfo(Lorg/objectweb/asm/ByteVector;)V @ 105
Event: 1130.581 Thread 0x000000001f322000 Uncommon trap: reason=bimorphic action=maybe_recompile pc=0x00000000059e52ec method=com.google.common.collect.NaturalOrdering.compare(Ljava/lang/Comparable;Ljava/lang/Comparable;)I @ 12
Event: 1130.581 Thread 0x000000001f322000 Uncommon trap: reason=bimorphic action=maybe_recompile pc=0x00000000059e52ec method=com.google.common.collect.NaturalOrdering.compare(Ljava/lang/Comparable;Ljava/lang/Comparable;)I @ 12
Event: 1130.582 Thread 0x000000001f322000 Uncommon trap: reason=bimorphic action=maybe_recompile pc=0x00000000059e52ec method=com.google.common.collect.NaturalOrdering.compare(Ljava/lang/Comparable;Ljava/lang/Comparable;)I @ 12
Event: 1130.582 Thread 0x000000001f322000 Uncommon trap: reason=bimorphic action=maybe_recompile pc=0x00000000059e52ec method=com.google.common.collect.NaturalOrdering.compare(Ljava/lang/Comparable;Ljava/lang/Comparable;)I @ 12
Event: 1130.649 Thread 0x000000001f322000 Uncommon trap: reason=unstable_if action=reinterpret pc=0x000000000660d960 method=org.objectweb.asm.SymbolTable.addConstant(Ljava/lang/Object;)Lorg/objectweb/asm/Symbol; @ 126
Event: 1130.654 Thread 0x000000001f322000 Uncommon trap: reason=unstable_if action=reinterpret pc=0x0000000005915b4c method=org.objectweb.asm.ClassReader.<init>([BIZ)V @ 354
Event: 1130.938 Thread 0x000000002ee60800 Uncommon trap: reason=unstable_if action=reinterpret pc=0x0000000002c15530 method=org.gradle.internal.io.StreamByteBuffer$StreamByteBufferInputStream.readImpl([BII)I @ 49

Classes redefined (0 events):
No events

Internal exceptions (10 events):
Event: 1123.769 Thread 0x000000001f322000 Exception <a 'java/lang/NoSuchMethodError': <clinit>> (0x00000000d9edcb00) thrown at [C:\src\AOSP-openjdk-git\hotspot\src\share\vm\prims\jni.cpp, line 1615]
Event: 1123.774 Thread 0x000000001f322000 Exception <a 'java/lang/NoSuchMethodError': <clinit>> (0x00000000d9f02680) thrown at [C:\src\AOSP-openjdk-git\hotspot\src\share\vm\prims\jni.cpp, line 1615]
Event: 1123.796 Thread 0x000000001f322000 Exception <a 'java/lang/NoSuchMethodError': <clinit>> (0x00000000da0b30b0) thrown at [C:\src\AOSP-openjdk-git\hotspot\src\share\vm\prims\jni.cpp, line 1615]
Event: 1123.799 Thread 0x000000001f322000 Exception <a 'java/lang/NoSuchMethodError': <clinit>> (0x00000000da15eae8) thrown at [C:\src\AOSP-openjdk-git\hotspot\src\share\vm\prims\jni.cpp, line 1615]
Event: 1130.797 Thread 0x000000001f322000 Exception <a 'sun/nio/fs/WindowsException'> (0x00000000e12e4738) thrown at [C:\src\AOSP-openjdk-git\hotspot\src\share\vm\prims\jni.cpp, line 710]
Event: 1130.797 Thread 0x000000001f322000 Exception <a 'sun/nio/fs/WindowsException'> (0x00000000e12e53e8) thrown at [C:\src\AOSP-openjdk-git\hotspot\src\share\vm\prims\jni.cpp, line 710]
Event: 1130.798 Thread 0x000000001f322000 Exception <a 'sun/nio/fs/WindowsException'> (0x00000000e13074e8) thrown at [C:\src\AOSP-openjdk-git\hotspot\src\share\vm\prims\jni.cpp, line 710]
Event: 1130.798 Thread 0x000000001f322000 Exception <a 'sun/nio/fs/WindowsException'> (0x00000000e13081e0) thrown at [C:\src\AOSP-openjdk-git\hotspot\src\share\vm\prims\jni.cpp, line 710]
Event: 1130.798 Thread 0x000000001f322000 Exception <a 'sun/nio/fs/WindowsException'> (0x00000000e130a208) thrown at [C:\src\AOSP-openjdk-git\hotspot\src\share\vm\prims\jni.cpp, line 710]
Event: 1130.798 Thread 0x000000001f322000 Exception <a 'sun/nio/fs/WindowsException'> (0x00000000e130af10) thrown at [C:\src\AOSP-openjdk-git\hotspot\src\share\vm\prims\jni.cpp, line 710]

Events (10 events):
Event: 1130.927 Thread 0x00000000192e7800 flushing nmethod 0x00000000059b12d0
Event: 1130.927 Thread 0x00000000192e7800 flushing nmethod 0x00000000059b4890
Event: 1130.927 loading class it/unimi/dsi/fastutil/ints/IntIterators$EmptyIterator
Event: 1130.927 loading class it/unimi/dsi/fastutil/ints/IntIterators$EmptyIterator done
Event: 1130.930 Thread 0x00000000192e7800 flushing nmethod 0x00000000059ffd50
Event: 1130.930 Thread 0x00000000192e7800 flushing nmethod 0x0000000005a1c490
Event: 1130.937 Thread 0x00000000192e7800 flushing nmethod 0x0000000006204e50
Event: 1130.938 Thread 0x000000002ee60800 Uncommon trap: trap_request=0xffffff65 fr.pc=0x0000000002c15530
Event: 1130.938 Thread 0x000000002ee60800 DEOPT PACKING pc=0x0000000002c15530 sp=0x000000003cf4eb90
Event: 1130.938 Thread 0x000000002ee60800 DEOPT UNPACKING pc=0x000000000247557b sp=0x000000003cf4ead0 mode 2


Dynamic libraries:
0x00007ff6ffeb0000 - 0x00007ff6ffee1000 	D:\Android Studio\jre\bin\java.exe
0x00007ffd6d710000 - 0x00007ffd6d905000 	C:\WINDOWS\SYSTEM32\ntdll.dll
0x00007ffd38d40000 - 0x00007ffd38d53000 	C:\Program Files\AVAST Software\Avast\aswhook.dll
0x00007ffd6c550000 - 0x00007ffd6c60d000 	C:\WINDOWS\System32\KERNEL32.DLL
0x00007ffd6b200000 - 0x00007ffd6b4c8000 	C:\WINDOWS\System32\KERNELBASE.dll
0x00007ffd6b7f0000 - 0x00007ffd6b89c000 	C:\WINDOWS\System32\ADVAPI32.dll
0x00007ffd6d500000 - 0x00007ffd6d59e000 	C:\WINDOWS\System32\msvcrt.dll
0x00007ffd6c8d0000 - 0x00007ffd6c96b000 	C:\WINDOWS\System32\sechost.dll
0x00007ffd6c420000 - 0x00007ffd6c54b000 	C:\WINDOWS\System32\RPCRT4.dll
0x00007ffd6d360000 - 0x00007ffd6d500000 	C:\WINDOWS\System32\USER32.dll
0x00007ffd6b130000 - 0x00007ffd6b152000 	C:\WINDOWS\System32\win32u.dll
0x00007ffd6d330000 - 0x00007ffd6d35a000 	C:\WINDOWS\System32\GDI32.dll
0x00007ffd6b500000 - 0x00007ffd6b60b000 	C:\WINDOWS\System32\gdi32full.dll
0x00007ffd6b160000 - 0x00007ffd6b1fd000 	C:\WINDOWS\System32\msvcp_win.dll
0x00007ffd6afb0000 - 0x00007ffd6b0b0000 	C:\WINDOWS\System32\ucrtbase.dll
0x00007ffd59870000 - 0x00007ffd59b0a000 	C:\WINDOWS\WinSxS\amd64_microsoft.windows.common-controls_6595b64144ccf1df_6.0.19041.844_none_ca00b6081b84eb1d\COMCTL32.dll
0x00007ffd6c620000 - 0x00007ffd6c650000 	C:\WINDOWS\System32\IMM32.DLL
0x00000000668e0000 - 0x00000000669b2000 	D:\Android Studio\jre\jre\bin\msvcr100.dll
0x00000000658f0000 - 0x000000006613b000 	D:\Android Studio\jre\jre\bin\server\jvm.dll
0x00007ffd6c610000 - 0x00007ffd6c618000 	C:\WINDOWS\System32\PSAPI.DLL
0x00007ffd5a560000 - 0x00007ffd5a569000 	C:\WINDOWS\SYSTEM32\WSOCK32.dll
0x00007ffd62100000 - 0x00007ffd62127000 	C:\WINDOWS\SYSTEM32\WINMM.dll
0x00007ffd6c860000 - 0x00007ffd6c8cb000 	C:\WINDOWS\System32\WS2_32.dll
0x00007ffd63710000 - 0x00007ffd6371a000 	C:\WINDOWS\SYSTEM32\VERSION.dll
0x00007ffd66100000 - 0x00007ffd6610f000 	D:\Android Studio\jre\jre\bin\verify.dll
0x00007ffd310d0000 - 0x00007ffd310f9000 	D:\Android Studio\jre\jre\bin\java.dll
0x00007ffd3bbb0000 - 0x00007ffd3bbc6000 	D:\Android Studio\jre\jre\bin\zip.dll
0x00007ffd6b8a0000 - 0x00007ffd6bfe2000 	C:\WINDOWS\System32\SHELL32.dll
0x00007ffd68f90000 - 0x00007ffd69721000 	C:\WINDOWS\SYSTEM32\windows.storage.dll
0x00007ffd6c0c0000 - 0x00007ffd6c415000 	C:\WINDOWS\System32\combase.dll
0x00007ffd6a8c0000 - 0x00007ffd6a8ec000 	C:\WINDOWS\SYSTEM32\Wldp.dll
0x00007ffd6c650000 - 0x00007ffd6c6fe000 	C:\WINDOWS\System32\SHCORE.dll
0x00007ffd6c710000 - 0x00007ffd6c765000 	C:\WINDOWS\System32\shlwapi.dll
0x00007ffd6ad90000 - 0x00007ffd6adaf000 	C:\WINDOWS\SYSTEM32\profapi.dll
0x00007ffd3a710000 - 0x00007ffd3a72a000 	D:\Android Studio\jre\jre\bin\net.dll
0x00007ffd6a630000 - 0x00007ffd6a69a000 	C:\WINDOWS\system32\mswsock.dll
0x00007ffd39400000 - 0x00007ffd39413000 	D:\Android Studio\jre\jre\bin\nio.dll
0x00007ffd661d0000 - 0x00007ffd661f7000 	C:\Users\Andrei\.gradle\native\f6784746aeab05261644944871eae4fe03e0ef1612fff0a4a95f87b438bc6780\windows-amd64\native-platform.dll
0x00007ffd58dc0000 - 0x00007ffd58dcd000 	D:\Android Studio\jre\jre\bin\management.dll
0x00007ffd6a800000 - 0x00007ffd6a818000 	C:\WINDOWS\SYSTEM32\CRYPTSP.dll
0x00007ffd69f60000 - 0x00007ffd69f94000 	C:\WINDOWS\system32\rsaenh.dll
0x00007ffd6b4d0000 - 0x00007ffd6b4f7000 	C:\WINDOWS\System32\bcrypt.dll
0x00007ffd6ad10000 - 0x00007ffd6ad3e000 	C:\WINDOWS\SYSTEM32\USERENV.dll
0x00007ffd6b0b0000 - 0x00007ffd6b130000 	C:\WINDOWS\System32\bcryptprimitives.dll
0x00007ffd6a820000 - 0x00007ffd6a82c000 	C:\WINDOWS\SYSTEM32\CRYPTBASE.dll
0x00007ffd6a2d0000 - 0x00007ffd6a30b000 	C:\WINDOWS\SYSTEM32\IPHLPAPI.DLL
0x00007ffd6c700000 - 0x00007ffd6c708000 	C:\WINDOWS\System32\NSI.dll
0x00007ffd636f0000 - 0x00007ffd63707000 	C:\WINDOWS\SYSTEM32\dhcpcsvc6.DLL
0x00007ffd636d0000 - 0x00007ffd636ed000 	C:\WINDOWS\SYSTEM32\dhcpcsvc.DLL
0x00007ffd6a320000 - 0x00007ffd6a3ec000 	C:\WINDOWS\SYSTEM32\DNSAPI.dll
0x00007ffd63dd0000 - 0x00007ffd63ddb000 	C:\WINDOWS\SYSTEM32\WINNSI.DLL
0x00007ffd30ec0000 - 0x00007ffd30ee4000 	D:\Android Studio\jre\jre\bin\sunec.dll
0x00007ffd60810000 - 0x00007ffd6081a000 	C:\Windows\System32\rasadhlp.dll
0x00007ffd5e9a0000 - 0x00007ffd5ea1f000 	C:\WINDOWS\System32\fwpuclnt.dll
0x00007ffd65da0000 - 0x00007ffd65dab000 	D:\Android Studio\jre\jre\bin\sunmscapi.dll
0x00007ffd6b610000 - 0x00007ffd6b76f000 	C:\WINDOWS\System32\CRYPT32.dll
0x00007ffd69b90000 - 0x00007ffd69bc3000 	C:\WINDOWS\SYSTEM32\ntmarta.dll
0x00007ffd64e00000 - 0x00007ffd64e1e000 	C:\Users\Andrei\AppData\Local\Temp\native-platform8083105415172405181dir\native-platform.dll

VM Arguments:
jvm_args: -Xmx2048m -Dfile.encoding=UTF-8 -Duser.country=US -Duser.language=en -Duser.variant 
java_command: org.gradle.launcher.daemon.bootstrap.GradleDaemon 6.5
java_class_path (initial): C:\Users\Andrei\.gradle\wrapper\dists\gradle-6.5-all\2oz4ud9k3tuxjg84bbf55q0tn\gradle-6.5\lib\gradle-launcher-6.5.jar
Launcher Type: SUN_STANDARD

Environment Variables:
PATH=C:\Program Files\Common Files\Oracle\Java\javapath;C:\Program Files (x86)\Common Files\Oracle\Java\javapath;C:\WINDOWS\system32;C:\WINDOWS;C:\WINDOWS\System32\Wbem;C:\WINDOWS\System32\WindowsPowerShell\v1.0\;C:\WINDOWS\System32\OpenSSH\;C:\brakers\command;C:\Program Files\dotnet\;C:\Program Files (x86)\dotnet\;C:\Program Files\Microsoft SQL Server\Client SDK\ODBC\170\Tools\Binn\;C:\Program Files (x86)\Microsoft SQL Server\150\Tools\Binn\;C:\Program Files\Microsoft SQL Server\150\Tools\Binn\;C:\Program Files\Microsoft SQL Server\150\DTS\Binn\;C:\Program Files\Azure Data Studio\bin;C:\Program Files (x86)\Microsoft SQL Server\150\DTS\Binn\;D:\Node.js\;C:\Program Files\Git\cmd;C:\Program Files\MySQL\MySQL Shell 8.0\bin\;C:\Users\Andrei\AppData\Local\Microsoft\WindowsApps;C:\Program Files\JetBrains\PyCharm Community Edition 2019.3.1\bin;;C:\Users\Andrei\AppData\Local\Programs\MiKTeX 2.9\miktex\bin\x64\;;C:\Program Files\Azure Data Studio\bin;D:\Microsoft SQL\Azure Data Studio\bin;C:\Users\Andrei\AppData\Roaming\npm;D:\Microsoft VS Code\bin
USERNAME=Andrei
OS=Windows_NT
PROCESSOR_IDENTIFIER=Intel64 Family 6 Model 60 Stepping 3, GenuineIntel



---------------  S Y S T E M  ---------------

OS: Windows 10.0 , 64 bit Build 19041 (10.0.19041.928)

CPU:total 8 (initial active 8) (4 cores per cpu, 2 threads per core) family 6 model 60 stepping 3, cmov, cx8, fxsr, mmx, sse, sse2, sse3, ssse3, sse4.1, sse4.2, popcnt, avx, avx2, aes, clmul, erms, lzcnt, ht, tsc, tscinvbit, bmi1, bmi2

Memory: 4k page, physical 8268980k(588440k free), swap 14061444k(5428k free)

vm_info: OpenJDK 64-Bit Server VM (25.242-b01) for windows-amd64 JRE (1.8.0_242-release-1644-b01), built by "builder" with MS VC++ 10.0 (VS2010)

time: Sat May 15 19:32:11 2021
timezone: GTB Daylight Time
elapsed time: 1131 seconds (0d 0h 18m 51s)

